This is pdfTeX, Version 3.141592653-2.6-1.40.25 (TeX Live 2023/nixos.org) (preloaded format=pdflatex 1980.1.1)  30 APR 2025 08:58
entering extended mode
 restricted \write18 enabled.
 %&-line parsing enabled.
**document.tex
(./document.tex
LaTeX2e <2023-11-01> patch level 1
L3 programming layer <2024-02-20>

(/nix/store/8pllqrcln2qx94ycb9iwgps3kqhk465f-texlive-2023-env-texmfdist/tex/lat
ex/base/article.cls
Document Class: article 2023/05/17 v1.4n Standard LaTeX document class

(/nix/store/8pllqrcln2qx94ycb9iwgps3kqhk465f-texlive-2023-env-texmfdist/tex/lat
ex/base/size10.clo
File: size10.clo 2023/05/17 v1.4n Standard LaTeX file (size option)
)
\c@part=\count188
\c@section=\count189
\c@subsection=\count190
\c@subsubsection=\count191
\c@paragraph=\count192
\c@subparagraph=\count193
\c@figure=\count194
\c@table=\count195
\abovecaptionskip=\skip48
\belowcaptionskip=\skip49
\bibindent=\dimen140
)
(/nix/store/8pllqrcln2qx94ycb9iwgps3kqhk465f-texlive-2023-env-texmfdist/tex/lat
ex/psnfss/times.sty
Package: times 2020/03/25 PSNFSS-v9.3 (SPQR) 
)
(/nix/store/8pllqrcln2qx94ycb9iwgps3kqhk465f-texlive-2023-env-texmfdist/tex/lat
ex/tcolorbox/tcolorbox.sty
Package: tcolorbox 2024/01/10 version 6.2.0 text color boxes

(/nix/store/8pllqrcln2qx94ycb9iwgps3kqhk465f-texlive-2023-env-texmfdist/tex/lat
ex/pgf/basiclayer/pgf.sty
(/nix/store/8pllqrcln2qx94ycb9iwgps3kqhk465f-texlive-2023-env-texmfdist/tex/lat
ex/pgf/utilities/pgfrcs.sty
(/nix/store/8pllqrcln2qx94ycb9iwgps3kqhk465f-texlive-2023-env-texmfdist/tex/gen
eric/pgf/utilities/pgfutil-common.tex
\pgfutil@everybye=\toks17
\pgfutil@tempdima=\dimen141
\pgfutil@tempdimb=\dimen142
)
(/nix/store/8pllqrcln2qx94ycb9iwgps3kqhk465f-texlive-2023-env-texmfdist/tex/gen
eric/pgf/utilities/pgfutil-latex.def
\pgfutil@abb=\box51
)
(/nix/store/8pllqrcln2qx94ycb9iwgps3kqhk465f-texlive-2023-env-texmfdist/tex/gen
eric/pgf/utilities/pgfrcs.code.tex
(/nix/store/8pllqrcln2qx94ycb9iwgps3kqhk465f-texlive-2023-env-texmfdist/tex/gen
eric/pgf/pgf.revision.tex)
Package: pgfrcs 2023-01-15 v3.1.10 (3.1.10)
))
Package: pgf 2023-01-15 v3.1.10 (3.1.10)

(/nix/store/8pllqrcln2qx94ycb9iwgps3kqhk465f-texlive-2023-env-texmfdist/tex/lat
ex/pgf/basiclayer/pgfcore.sty
(/nix/store/8pllqrcln2qx94ycb9iwgps3kqhk465f-texlive-2023-env-texmfdist/tex/lat
ex/graphics/graphicx.sty
Package: graphicx 2021/09/16 v1.2d Enhanced LaTeX Graphics (DPC,SPQR)

(/nix/store/8pllqrcln2qx94ycb9iwgps3kqhk465f-texlive-2023-env-texmfdist/tex/lat
ex/graphics/keyval.sty
Package: keyval 2022/05/29 v1.15 key=value parser (DPC)
\KV@toks@=\toks18
)
(/nix/store/8pllqrcln2qx94ycb9iwgps3kqhk465f-texlive-2023-env-texmfdist/tex/lat
ex/graphics/graphics.sty
Package: graphics 2022/03/10 v1.4e Standard LaTeX Graphics (DPC,SPQR)

(/nix/store/8pllqrcln2qx94ycb9iwgps3kqhk465f-texlive-2023-env-texmfdist/tex/lat
ex/graphics/trig.sty
Package: trig 2021/08/11 v1.11 sin cos tan (DPC)
)
(/nix/store/8pllqrcln2qx94ycb9iwgps3kqhk465f-texlive-2023-env-texmfdist/tex/lat
ex/graphics-cfg/graphics.cfg
File: graphics.cfg 2016/06/04 v1.11 sample graphics configuration
)
Package graphics Info: Driver file: pdftex.def on input line 107.

(/nix/store/8pllqrcln2qx94ycb9iwgps3kqhk465f-texlive-2023-env-texmfdist/tex/lat
ex/graphics-def/pdftex.def
File: pdftex.def 2022/09/22 v1.2b Graphics/color driver for pdftex
))
\Gin@req@height=\dimen143
\Gin@req@width=\dimen144
)
(/nix/store/8pllqrcln2qx94ycb9iwgps3kqhk465f-texlive-2023-env-texmfdist/tex/lat
ex/pgf/systemlayer/pgfsys.sty
(/nix/store/8pllqrcln2qx94ycb9iwgps3kqhk465f-texlive-2023-env-texmfdist/tex/gen
eric/pgf/systemlayer/pgfsys.code.tex
Package: pgfsys 2023-01-15 v3.1.10 (3.1.10)

(/nix/store/8pllqrcln2qx94ycb9iwgps3kqhk465f-texlive-2023-env-texmfdist/tex/gen
eric/pgf/utilities/pgfkeys.code.tex
\pgfkeys@pathtoks=\toks19
\pgfkeys@temptoks=\toks20

(/nix/store/8pllqrcln2qx94ycb9iwgps3kqhk465f-texlive-2023-env-texmfdist/tex/gen
eric/pgf/utilities/pgfkeyslibraryfiltered.code.tex
\pgfkeys@tmptoks=\toks21
))
\pgf@x=\dimen145
\pgf@y=\dimen146
\pgf@xa=\dimen147
\pgf@ya=\dimen148
\pgf@xb=\dimen149
\pgf@yb=\dimen150
\pgf@xc=\dimen151
\pgf@yc=\dimen152
\pgf@xd=\dimen153
\pgf@yd=\dimen154
\w@pgf@writea=\write3
\r@pgf@reada=\read2
\c@pgf@counta=\count196
\c@pgf@countb=\count197
\c@pgf@countc=\count198
\c@pgf@countd=\count199
\t@pgf@toka=\toks22
\t@pgf@tokb=\toks23
\t@pgf@tokc=\toks24
\pgf@sys@id@count=\count266

(/nix/store/8pllqrcln2qx94ycb9iwgps3kqhk465f-texlive-2023-env-texmfdist/tex/gen
eric/pgf/systemlayer/pgf.cfg
File: pgf.cfg 2023-01-15 v3.1.10 (3.1.10)
)
Driver file for pgf: pgfsys-pdftex.def

(/nix/store/8pllqrcln2qx94ycb9iwgps3kqhk465f-texlive-2023-env-texmfdist/tex/gen
eric/pgf/systemlayer/pgfsys-pdftex.def
File: pgfsys-pdftex.def 2023-01-15 v3.1.10 (3.1.10)

(/nix/store/8pllqrcln2qx94ycb9iwgps3kqhk465f-texlive-2023-env-texmfdist/tex/gen
eric/pgf/systemlayer/pgfsys-common-pdf.def
File: pgfsys-common-pdf.def 2023-01-15 v3.1.10 (3.1.10)
)))
(/nix/store/8pllqrcln2qx94ycb9iwgps3kqhk465f-texlive-2023-env-texmfdist/tex/gen
eric/pgf/systemlayer/pgfsyssoftpath.code.tex
File: pgfsyssoftpath.code.tex 2023-01-15 v3.1.10 (3.1.10)
\pgfsyssoftpath@smallbuffer@items=\count267
\pgfsyssoftpath@bigbuffer@items=\count268
)
(/nix/store/8pllqrcln2qx94ycb9iwgps3kqhk465f-texlive-2023-env-texmfdist/tex/gen
eric/pgf/systemlayer/pgfsysprotocol.code.tex
File: pgfsysprotocol.code.tex 2023-01-15 v3.1.10 (3.1.10)
))
(/nix/store/8pllqrcln2qx94ycb9iwgps3kqhk465f-texlive-2023-env-texmfdist/tex/lat
ex/xcolor/xcolor.sty
Package: xcolor 2023/11/15 v3.01 LaTeX color extensions (UK)

(/nix/store/8pllqrcln2qx94ycb9iwgps3kqhk465f-texlive-2023-env-texmfdist/tex/lat
ex/graphics-cfg/color.cfg
File: color.cfg 2016/01/02 v1.6 sample color configuration
)
Package xcolor Info: Driver file: pdftex.def on input line 274.

(/nix/store/8pllqrcln2qx94ycb9iwgps3kqhk465f-texlive-2023-env-texmfdist/tex/lat
ex/graphics/mathcolor.ltx)
Package xcolor Info: Model `cmy' substituted by `cmy0' on input line 1350.
Package xcolor Info: Model `hsb' substituted by `rgb' on input line 1354.
Package xcolor Info: Model `RGB' extended on input line 1366.
Package xcolor Info: Model `HTML' substituted by `rgb' on input line 1368.
Package xcolor Info: Model `Hsb' substituted by `hsb' on input line 1369.
Package xcolor Info: Model `tHsb' substituted by `hsb' on input line 1370.
Package xcolor Info: Model `HSB' substituted by `hsb' on input line 1371.
Package xcolor Info: Model `Gray' substituted by `gray' on input line 1372.
Package xcolor Info: Model `wave' substituted by `hsb' on input line 1373.
)
(/nix/store/8pllqrcln2qx94ycb9iwgps3kqhk465f-texlive-2023-env-texmfdist/tex/gen
eric/pgf/basiclayer/pgfcore.code.tex
Package: pgfcore 2023-01-15 v3.1.10 (3.1.10)

(/nix/store/8pllqrcln2qx94ycb9iwgps3kqhk465f-texlive-2023-env-texmfdist/tex/gen
eric/pgf/math/pgfmath.code.tex
(/nix/store/8pllqrcln2qx94ycb9iwgps3kqhk465f-texlive-2023-env-texmfdist/tex/gen
eric/pgf/math/pgfmathutil.code.tex)
(/nix/store/8pllqrcln2qx94ycb9iwgps3kqhk465f-texlive-2023-env-texmfdist/tex/gen
eric/pgf/math/pgfmathparser.code.tex
\pgfmath@dimen=\dimen155
\pgfmath@count=\count269
\pgfmath@box=\box52
\pgfmath@toks=\toks25
\pgfmath@stack@operand=\toks26
\pgfmath@stack@operation=\toks27
)
(/nix/store/8pllqrcln2qx94ycb9iwgps3kqhk465f-texlive-2023-env-texmfdist/tex/gen
eric/pgf/math/pgfmathfunctions.code.tex)
(/nix/store/8pllqrcln2qx94ycb9iwgps3kqhk465f-texlive-2023-env-texmfdist/tex/gen
eric/pgf/math/pgfmathfunctions.basic.code.tex)
(/nix/store/8pllqrcln2qx94ycb9iwgps3kqhk465f-texlive-2023-env-texmfdist/tex/gen
eric/pgf/math/pgfmathfunctions.trigonometric.code.tex)
(/nix/store/8pllqrcln2qx94ycb9iwgps3kqhk465f-texlive-2023-env-texmfdist/tex/gen
eric/pgf/math/pgfmathfunctions.random.code.tex)
(/nix/store/8pllqrcln2qx94ycb9iwgps3kqhk465f-texlive-2023-env-texmfdist/tex/gen
eric/pgf/math/pgfmathfunctions.comparison.code.tex)
(/nix/store/8pllqrcln2qx94ycb9iwgps3kqhk465f-texlive-2023-env-texmfdist/tex/gen
eric/pgf/math/pgfmathfunctions.base.code.tex)
(/nix/store/8pllqrcln2qx94ycb9iwgps3kqhk465f-texlive-2023-env-texmfdist/tex/gen
eric/pgf/math/pgfmathfunctions.round.code.tex)
(/nix/store/8pllqrcln2qx94ycb9iwgps3kqhk465f-texlive-2023-env-texmfdist/tex/gen
eric/pgf/math/pgfmathfunctions.misc.code.tex)
(/nix/store/8pllqrcln2qx94ycb9iwgps3kqhk465f-texlive-2023-env-texmfdist/tex/gen
eric/pgf/math/pgfmathfunctions.integerarithmetics.code.tex)
(/nix/store/8pllqrcln2qx94ycb9iwgps3kqhk465f-texlive-2023-env-texmfdist/tex/gen
eric/pgf/math/pgfmathcalc.code.tex)
(/nix/store/8pllqrcln2qx94ycb9iwgps3kqhk465f-texlive-2023-env-texmfdist/tex/gen
eric/pgf/math/pgfmathfloat.code.tex
\c@pgfmathroundto@lastzeros=\count270
))
(/nix/store/8pllqrcln2qx94ycb9iwgps3kqhk465f-texlive-2023-env-texmfdist/tex/gen
eric/pgf/math/pgfint.code.tex)
(/nix/store/8pllqrcln2qx94ycb9iwgps3kqhk465f-texlive-2023-env-texmfdist/tex/gen
eric/pgf/basiclayer/pgfcorepoints.code.tex
File: pgfcorepoints.code.tex 2023-01-15 v3.1.10 (3.1.10)
\pgf@picminx=\dimen156
\pgf@picmaxx=\dimen157
\pgf@picminy=\dimen158
\pgf@picmaxy=\dimen159
\pgf@pathminx=\dimen160
\pgf@pathmaxx=\dimen161
\pgf@pathminy=\dimen162
\pgf@pathmaxy=\dimen163
\pgf@xx=\dimen164
\pgf@xy=\dimen165
\pgf@yx=\dimen166
\pgf@yy=\dimen167
\pgf@zx=\dimen168
\pgf@zy=\dimen169
)
(/nix/store/8pllqrcln2qx94ycb9iwgps3kqhk465f-texlive-2023-env-texmfdist/tex/gen
eric/pgf/basiclayer/pgfcorepathconstruct.code.tex
File: pgfcorepathconstruct.code.tex 2023-01-15 v3.1.10 (3.1.10)
\pgf@path@lastx=\dimen170
\pgf@path@lasty=\dimen171
)
(/nix/store/8pllqrcln2qx94ycb9iwgps3kqhk465f-texlive-2023-env-texmfdist/tex/gen
eric/pgf/basiclayer/pgfcorepathusage.code.tex
File: pgfcorepathusage.code.tex 2023-01-15 v3.1.10 (3.1.10)
\pgf@shorten@end@additional=\dimen172
\pgf@shorten@start@additional=\dimen173
)
(/nix/store/8pllqrcln2qx94ycb9iwgps3kqhk465f-texlive-2023-env-texmfdist/tex/gen
eric/pgf/basiclayer/pgfcorescopes.code.tex
File: pgfcorescopes.code.tex 2023-01-15 v3.1.10 (3.1.10)
\pgfpic=\box53
\pgf@hbox=\box54
\pgf@layerbox@main=\box55
\pgf@picture@serial@count=\count271
)
(/nix/store/8pllqrcln2qx94ycb9iwgps3kqhk465f-texlive-2023-env-texmfdist/tex/gen
eric/pgf/basiclayer/pgfcoregraphicstate.code.tex
File: pgfcoregraphicstate.code.tex 2023-01-15 v3.1.10 (3.1.10)
\pgflinewidth=\dimen174
)
(/nix/store/8pllqrcln2qx94ycb9iwgps3kqhk465f-texlive-2023-env-texmfdist/tex/gen
eric/pgf/basiclayer/pgfcoretransformations.code.tex
File: pgfcoretransformations.code.tex 2023-01-15 v3.1.10 (3.1.10)
\pgf@pt@x=\dimen175
\pgf@pt@y=\dimen176
\pgf@pt@temp=\dimen177
)
(/nix/store/8pllqrcln2qx94ycb9iwgps3kqhk465f-texlive-2023-env-texmfdist/tex/gen
eric/pgf/basiclayer/pgfcorequick.code.tex
File: pgfcorequick.code.tex 2023-01-15 v3.1.10 (3.1.10)
)
(/nix/store/8pllqrcln2qx94ycb9iwgps3kqhk465f-texlive-2023-env-texmfdist/tex/gen
eric/pgf/basiclayer/pgfcoreobjects.code.tex
File: pgfcoreobjects.code.tex 2023-01-15 v3.1.10 (3.1.10)
)
(/nix/store/8pllqrcln2qx94ycb9iwgps3kqhk465f-texlive-2023-env-texmfdist/tex/gen
eric/pgf/basiclayer/pgfcorepathprocessing.code.tex
File: pgfcorepathprocessing.code.tex 2023-01-15 v3.1.10 (3.1.10)
)
(/nix/store/8pllqrcln2qx94ycb9iwgps3kqhk465f-texlive-2023-env-texmfdist/tex/gen
eric/pgf/basiclayer/pgfcorearrows.code.tex
File: pgfcorearrows.code.tex 2023-01-15 v3.1.10 (3.1.10)
\pgfarrowsep=\dimen178
)
(/nix/store/8pllqrcln2qx94ycb9iwgps3kqhk465f-texlive-2023-env-texmfdist/tex/gen
eric/pgf/basiclayer/pgfcoreshade.code.tex
File: pgfcoreshade.code.tex 2023-01-15 v3.1.10 (3.1.10)
\pgf@max=\dimen179
\pgf@sys@shading@range@num=\count272
\pgf@shadingcount=\count273
)
(/nix/store/8pllqrcln2qx94ycb9iwgps3kqhk465f-texlive-2023-env-texmfdist/tex/gen
eric/pgf/basiclayer/pgfcoreimage.code.tex
File: pgfcoreimage.code.tex 2023-01-15 v3.1.10 (3.1.10)
)
(/nix/store/8pllqrcln2qx94ycb9iwgps3kqhk465f-texlive-2023-env-texmfdist/tex/gen
eric/pgf/basiclayer/pgfcoreexternal.code.tex
File: pgfcoreexternal.code.tex 2023-01-15 v3.1.10 (3.1.10)
\pgfexternal@startupbox=\box56
)
(/nix/store/8pllqrcln2qx94ycb9iwgps3kqhk465f-texlive-2023-env-texmfdist/tex/gen
eric/pgf/basiclayer/pgfcorelayers.code.tex
File: pgfcorelayers.code.tex 2023-01-15 v3.1.10 (3.1.10)
)
(/nix/store/8pllqrcln2qx94ycb9iwgps3kqhk465f-texlive-2023-env-texmfdist/tex/gen
eric/pgf/basiclayer/pgfcoretransparency.code.tex
File: pgfcoretransparency.code.tex 2023-01-15 v3.1.10 (3.1.10)
)
(/nix/store/8pllqrcln2qx94ycb9iwgps3kqhk465f-texlive-2023-env-texmfdist/tex/gen
eric/pgf/basiclayer/pgfcorepatterns.code.tex
File: pgfcorepatterns.code.tex 2023-01-15 v3.1.10 (3.1.10)
)
(/nix/store/8pllqrcln2qx94ycb9iwgps3kqhk465f-texlive-2023-env-texmfdist/tex/gen
eric/pgf/basiclayer/pgfcorerdf.code.tex
File: pgfcorerdf.code.tex 2023-01-15 v3.1.10 (3.1.10)
)))
(/nix/store/8pllqrcln2qx94ycb9iwgps3kqhk465f-texlive-2023-env-texmfdist/tex/gen
eric/pgf/modules/pgfmoduleshapes.code.tex
File: pgfmoduleshapes.code.tex 2023-01-15 v3.1.10 (3.1.10)
\pgfnodeparttextbox=\box57
)
(/nix/store/8pllqrcln2qx94ycb9iwgps3kqhk465f-texlive-2023-env-texmfdist/tex/gen
eric/pgf/modules/pgfmoduleplot.code.tex
File: pgfmoduleplot.code.tex 2023-01-15 v3.1.10 (3.1.10)
)
(/nix/store/8pllqrcln2qx94ycb9iwgps3kqhk465f-texlive-2023-env-texmfdist/tex/lat
ex/pgf/compatibility/pgfcomp-version-0-65.sty
Package: pgfcomp-version-0-65 2023-01-15 v3.1.10 (3.1.10)
\pgf@nodesepstart=\dimen180
\pgf@nodesepend=\dimen181
)
(/nix/store/8pllqrcln2qx94ycb9iwgps3kqhk465f-texlive-2023-env-texmfdist/tex/lat
ex/pgf/compatibility/pgfcomp-version-1-18.sty
Package: pgfcomp-version-1-18 2023-01-15 v3.1.10 (3.1.10)
))
(/nix/store/8pllqrcln2qx94ycb9iwgps3kqhk465f-texlive-2023-env-texmfdist/tex/lat
ex/tools/verbatim.sty
Package: verbatim 2023-11-06 v1.5v LaTeX2e package for verbatim enhancements
\every@verbatim=\toks28
\verbatim@line=\toks29
\verbatim@in@stream=\read3
)
(/nix/store/8pllqrcln2qx94ycb9iwgps3kqhk465f-texlive-2023-env-texmfdist/tex/lat
ex/environ/environ.sty
Package: environ 2014/05/04 v0.3 A new way to define environments

(/nix/store/8pllqrcln2qx94ycb9iwgps3kqhk465f-texlive-2023-env-texmfdist/tex/lat
ex/trimspaces/trimspaces.sty
Package: trimspaces 2009/09/17 v1.1 Trim spaces around a token list
)
\@envbody=\toks30
)
(/nix/store/8pllqrcln2qx94ycb9iwgps3kqhk465f-texlive-2023-env-texmfdist/tex/lat
ex/etoolbox/etoolbox.sty
Package: etoolbox 2020/10/05 v2.5k e-TeX tools for LaTeX (JAW)
\etb@tempcnta=\count274
)
\tcb@titlebox=\box58
\tcb@upperbox=\box59
\tcb@lowerbox=\box60
\tcb@phantombox=\box61
\c@tcbbreakpart=\count275
\c@tcblayer=\count276
\c@tcolorbox@number=\count277
\l__tcobox_tmpa_box=\box62
\l__tcobox_tmpa_dim=\dimen182
\tcb@temp=\box63
\tcb@temp=\box64
\tcb@temp=\box65
\tcb@temp=\box66
)
(/nix/store/8pllqrcln2qx94ycb9iwgps3kqhk465f-texlive-2023-env-texmfdist/tex/lat
ex/float/float.sty
Package: float 2001/11/08 v1.3d Float enhancements (AL)
\c@float@type=\count278
\float@exts=\toks31
\float@box=\box67
\@float@everytoks=\toks32
\@floatcapt=\box68
)
(/nix/store/8pllqrcln2qx94ycb9iwgps3kqhk465f-texlive-2023-env-texmfdist/tex/lat
ex/amsmath/amsmath.sty
Package: amsmath 2023/05/13 v2.17o AMS math features
\@mathmargin=\skip50

For additional information on amsmath, use the `?' option.

(/nix/store/8pllqrcln2qx94ycb9iwgps3kqhk465f-texlive-2023-env-texmfdist/tex/lat
ex/amsmath/amstext.sty
Package: amstext 2021/08/26 v2.01 AMS text

(/nix/store/8pllqrcln2qx94ycb9iwgps3kqhk465f-texlive-2023-env-texmfdist/tex/lat
ex/amsmath/amsgen.sty
File: amsgen.sty 1999/11/30 v2.0 generic functions
\@emptytoks=\toks33
\ex@=\dimen183
))
(/nix/store/8pllqrcln2qx94ycb9iwgps3kqhk465f-texlive-2023-env-texmfdist/tex/lat
ex/amsmath/amsbsy.sty
Package: amsbsy 1999/11/29 v1.2d Bold Symbols
\pmbraise@=\dimen184
)
(/nix/store/8pllqrcln2qx94ycb9iwgps3kqhk465f-texlive-2023-env-texmfdist/tex/lat
ex/amsmath/amsopn.sty
Package: amsopn 2022/04/08 v2.04 operator names
)
\inf@bad=\count279
LaTeX Info: Redefining \frac on input line 234.
\uproot@=\count280
\leftroot@=\count281
LaTeX Info: Redefining \overline on input line 399.
LaTeX Info: Redefining \colon on input line 410.
\classnum@=\count282
\DOTSCASE@=\count283
LaTeX Info: Redefining \ldots on input line 496.
LaTeX Info: Redefining \dots on input line 499.
LaTeX Info: Redefining \cdots on input line 620.
\Mathstrutbox@=\box69
\strutbox@=\box70
LaTeX Info: Redefining \big on input line 722.
LaTeX Info: Redefining \Big on input line 723.
LaTeX Info: Redefining \bigg on input line 724.
LaTeX Info: Redefining \Bigg on input line 725.
\big@size=\dimen185
LaTeX Font Info:    Redeclaring font encoding OML on input line 743.
LaTeX Font Info:    Redeclaring font encoding OMS on input line 744.
\macc@depth=\count284
LaTeX Info: Redefining \bmod on input line 905.
LaTeX Info: Redefining \pmod on input line 910.
LaTeX Info: Redefining \smash on input line 940.
LaTeX Info: Redefining \relbar on input line 970.
LaTeX Info: Redefining \Relbar on input line 971.
\c@MaxMatrixCols=\count285
\dotsspace@=\muskip16
\c@parentequation=\count286
\dspbrk@lvl=\count287
\tag@help=\toks34
\row@=\count288
\column@=\count289
\maxfields@=\count290
\andhelp@=\toks35
\eqnshift@=\dimen186
\alignsep@=\dimen187
\tagshift@=\dimen188
\tagwidth@=\dimen189
\totwidth@=\dimen190
\lineht@=\dimen191
\@envbody=\toks36
\multlinegap=\skip51
\multlinetaggap=\skip52
\mathdisplay@stack=\toks37
LaTeX Info: Redefining \[ on input line 2953.
LaTeX Info: Redefining \] on input line 2954.
)
(/nix/store/8pllqrcln2qx94ycb9iwgps3kqhk465f-texlive-2023-env-texmfdist/tex/lat
ex/siunitx/siunitx.sty
Package: siunitx 2024-02-15 v3.3.12 A comprehensive (SI) units package
\l__siunitx_number_uncert_offset_int=\count291
\l__siunitx_number_exponent_fixed_int=\count292
\l__siunitx_number_min_decimal_int=\count293
\l__siunitx_number_min_integer_int=\count294
\l__siunitx_number_round_precision_int=\count295
\l__siunitx_number_lower_threshold_int=\count296
\l__siunitx_number_upper_threshold_int=\count297
\l__siunitx_number_group_first_int=\count298
\l__siunitx_number_group_size_int=\count299
\l__siunitx_number_group_minimum_int=\count300
\l__siunitx_angle_tmp_dim=\dimen192
\l__siunitx_angle_marker_box=\box71
\l__siunitx_angle_unit_box=\box72
\l__siunitx_compound_count_int=\count301

(/nix/store/8pllqrcln2qx94ycb9iwgps3kqhk465f-texlive-2023-env-texmfdist/tex/lat
ex/translations/translations.sty
Package: translations 2022/02/05 v1.12 internationalization of LaTeX2e packages
 (CN)

(/nix/store/8pllqrcln2qx94ycb9iwgps3kqhk465f-texlive-2023-env-texmfdist/tex/gen
eric/pdftexcmds/pdftexcmds.sty
Package: pdftexcmds 2020-06-27 v0.33 Utility functions of pdfTeX for LuaTeX (HO
)

(/nix/store/8pllqrcln2qx94ycb9iwgps3kqhk465f-texlive-2023-env-texmfdist/tex/gen
eric/infwarerr/infwarerr.sty
Package: infwarerr 2019/12/03 v1.5 Providing info/warning/error messages (HO)
)
(/nix/store/8pllqrcln2qx94ycb9iwgps3kqhk465f-texlive-2023-env-texmfdist/tex/gen
eric/iftex/iftex.sty
Package: iftex 2022/02/03 v1.0f TeX engine tests
)
(/nix/store/8pllqrcln2qx94ycb9iwgps3kqhk465f-texlive-2023-env-texmfdist/tex/gen
eric/ltxcmds/ltxcmds.sty
Package: ltxcmds 2023-12-04 v1.26 LaTeX kernel commands for general use (HO)
)
Package pdftexcmds Info: \pdf@primitive is available.
Package pdftexcmds Info: \pdf@ifprimitive is available.
Package pdftexcmds Info: \pdfdraftmode found.
))
\l__siunitx_table_tmp_box=\box73
\l__siunitx_table_tmp_dim=\dimen193
\l__siunitx_table_column_width_dim=\dimen194
\l__siunitx_table_integer_box=\box74
\l__siunitx_table_decimal_box=\box75
\l__siunitx_table_uncert_box=\box76
\l__siunitx_table_before_box=\box77
\l__siunitx_table_after_box=\box78
\l__siunitx_table_before_dim=\dimen195
\l__siunitx_table_carry_dim=\dimen196
\l__siunitx_unit_tmp_int=\count302
\l__siunitx_unit_position_int=\count303
\l__siunitx_unit_total_int=\count304

(/nix/store/8pllqrcln2qx94ycb9iwgps3kqhk465f-texlive-2023-env-texmfdist/tex/lat
ex/tools/array.sty
Package: array 2023/10/16 v2.5g Tabular extension package (FMi)
\col@sep=\dimen197
\ar@mcellbox=\box79
\extrarowheight=\dimen198
\NC@list=\toks38
\extratabsurround=\skip53
\backup@length=\skip54
\ar@cellbox=\box80
))
Package translations Info: No language package found. I am going to use `englis
h' as default language. on input line 13.
LaTeX Font Info:    Trying to load font information for OT1+ptm on input line 1
3.

(/nix/store/8pllqrcln2qx94ycb9iwgps3kqhk465f-texlive-2023-env-texmfdist/tex/lat
ex/psnfss/ot1ptm.fd
File: ot1ptm.fd 2001/06/04 font definitions for OT1/ptm.
)
(/nix/store/8pllqrcln2qx94ycb9iwgps3kqhk465f-texlive-2023-env-texmfdist/tex/lat
ex/l3backend/l3backend-pdftex.def
File: l3backend-pdftex.def 2024-02-20 L3 backend support: PDF output (pdfTeX)
\l__color_backend_stack_int=\count305
\l__pdf_internal_box=\box81
) (./document.aux)
\openout1 = `document.aux'.

LaTeX Font Info:    Checking defaults for OML/cmm/m/it on input line 13.
LaTeX Font Info:    ... okay on input line 13.
LaTeX Font Info:    Checking defaults for OMS/cmsy/m/n on input line 13.
LaTeX Font Info:    ... okay on input line 13.
LaTeX Font Info:    Checking defaults for OT1/cmr/m/n on input line 13.
LaTeX Font Info:    ... okay on input line 13.
LaTeX Font Info:    Checking defaults for T1/cmr/m/n on input line 13.
LaTeX Font Info:    ... okay on input line 13.
LaTeX Font Info:    Checking defaults for TS1/cmr/m/n on input line 13.
LaTeX Font Info:    ... okay on input line 13.
LaTeX Font Info:    Checking defaults for OMX/cmex/m/n on input line 13.
LaTeX Font Info:    ... okay on input line 13.
LaTeX Font Info:    Checking defaults for U/cmr/m/n on input line 13.
LaTeX Font Info:    ... okay on input line 13.

(/nix/store/8pllqrcln2qx94ycb9iwgps3kqhk465f-texlive-2023-env-texmfdist/tex/con
text/base/mkii/supp-pdf.mkii
[Loading MPS to PDF converter (version 2006.09.02).]
\scratchcounter=\count306
\scratchdimen=\dimen199
\scratchbox=\box82
\nofMPsegments=\count307
\nofMParguments=\count308
\everyMPshowfont=\toks39
\MPscratchCnt=\count309
\MPscratchDim=\dimen256
\MPnumerator=\count310
\makeMPintoPDFobject=\count311
\everyMPtoPDFconversion=\toks40
)
(/nix/store/8pllqrcln2qx94ycb9iwgps3kqhk465f-texlive-2023-env-texmfdist/tex/lat
ex/epstopdf-pkg/epstopdf-base.sty
Package: epstopdf-base 2020-01-24 v2.11 Base part for package epstopdf
Package epstopdf-base Info: Redefining graphics rule for `.eps' on input line 4
85.

(/nix/store/8pllqrcln2qx94ycb9iwgps3kqhk465f-texlive-2023-env-texmfdist/tex/lat
ex/latexconfig/epstopdf-sys.cfg
File: epstopdf-sys.cfg 2010/07/13 v1.3 Configuration of (r)epstopdf for TeX Liv
e
))
(/nix/store/8pllqrcln2qx94ycb9iwgps3kqhk465f-texlive-2023-env-texmfdist/tex/lat
ex/translations/translations-basic-dictionary-english.trsl
File: translations-basic-dictionary-english.trsl (english translation file `tra
nslations-basic-dictionary')
)
Package translations Info: loading dictionary `translations-basic-dictionary' f
or `english'. on input line 13.
<../out/circuit/circuit.png, id=4, 1627.07875pt x 1892.06876pt>
File: ../out/circuit/circuit.png Graphic file (type png)
<use ../out/circuit/circuit.png>
Package pdftex.def Info: ../out/circuit/circuit.png  used on input line 23.
(pdftex.def)             Requested size: 406.76869pt x 473.01604pt.

Overfull \hbox (61.76869pt too wide) in paragraph at lines 23--24
 [][] 
 []

[1

{/nix/store/jg380am8znqh8c5scvm3cy98455ijcl2-texlive-2023-env/share/texmf-var/f
onts/map/pdftex/updmap/pdftex.map}{/nix/store/8pllqrcln2qx94ycb9iwgps3kqhk465f-
texlive-2023-env-texmfdist/fonts/enc/dvips/base/8r.enc}] [2 <../out/circuit/cir
cuit.png (PNG copy)>] [3] [4] [5]
Underfull \hbox (badness 10000) in paragraph at lines 77--78

 []


Underfull \hbox (badness 10000) in paragraph at lines 83--85

 []


Underfull \hbox (badness 10000) in paragraph at lines 90--92

 []


Underfull \hbox (badness 10000) in paragraph at lines 97--99

 []

[6]
Underfull \hbox (badness 10000) in paragraph at lines 138--139

 []


Underfull \hbox (badness 10000) in paragraph at lines 152--154

 []

[7] [8]
Underfull \hbox (badness 10000) in paragraph at lines 248--250

 []

[9]
LaTeX Font Info:    Trying to load font information for TS1+ptm on input line 3
16.

(/nix/store/8pllqrcln2qx94ycb9iwgps3kqhk465f-texlive-2023-env-texmfdist/tex/lat
ex/psnfss/ts1ptm.fd
File: ts1ptm.fd 2001/06/04 font definitions for TS1/ptm.
) [10] [11] (./document.aux)
 ***********
LaTeX2e <2023-11-01> patch level 1
L3 programming layer <2024-02-20>
 ***********
 ) 
Here is how much of TeX's memory you used:
 16536 strings out of 474116
 387365 string characters out of 5720541
 1937187 words of memory out of 5000000
 38669 multiletter control sequences out of 15000+600000
 572853 words of font info for 65 fonts, out of 8000000 for 9000
 1141 hyphenation exceptions out of 8191
 101i,12n,107p,965b,530s stack positions out of 10000i,1000n,20000p,200000b,200000s
</nix/store/8pllqrcln2qx94ycb9iwgps3kqhk465f-texlive-2023-env-texmfdist/fonts
/type1/public/amsfonts/cm/cmex10.pfb></nix/store/8pllqrcln2qx94ycb9iwgps3kqhk46
5f-texlive-2023-env-texmfdist/fonts/type1/public/amsfonts/cm/cmmi10.pfb></nix/s
tore/8pllqrcln2qx94ycb9iwgps3kqhk465f-texlive-2023-env-texmfdist/fonts/type1/pu
blic/amsfonts/cm/cmmi5.pfb></nix/store/8pllqrcln2qx94ycb9iwgps3kqhk465f-texlive
-2023-env-texmfdist/fonts/type1/public/amsfonts/cm/cmmi7.pfb></nix/store/8pllqr
cln2qx94ycb9iwgps3kqhk465f-texlive-2023-env-texmfdist/fonts/type1/public/amsfon
ts/cm/cmr10.pfb></nix/store/8pllqrcln2qx94ycb9iwgps3kqhk465f-texlive-2023-env-t
exmfdist/fonts/type1/public/amsfonts/cm/cmr7.pfb></nix/store/8pllqrcln2qx94ycb9
iwgps3kqhk465f-texlive-2023-env-texmfdist/fonts/type1/public/amsfonts/cm/cmsy10
.pfb></nix/store/8pllqrcln2qx94ycb9iwgps3kqhk465f-texlive-2023-env-texmfdist/fo
nts/type1/public/amsfonts/cm/cmsy7.pfb></nix/store/8pllqrcln2qx94ycb9iwgps3kqhk
465f-texlive-2023-env-texmfdist/fonts/type1/urw/times/utmb8a.pfb></nix/store/8p
llqrcln2qx94ycb9iwgps3kqhk465f-texlive-2023-env-texmfdist/fonts/type1/urw/times
/utmr8a.pfb>
Output written on document.pdf (11 pages, 377809 bytes).
PDF statistics:
 95 PDF objects out of 1000 (max. 8388607)
 60 compressed objects within 1 object stream
 0 named destinations out of 1000 (max. 500000)
 18 words of extra memory for PDF output out of 10000 (max. 10000000)

